This is pdfTeX, Version 3.14159265-2.6-1.40.19 (TeX Live 2018) (preloaded format=pdflatex 2018.6.15)  10 AUG 2018 17:24
entering extended mode
 restricted \write18 enabled.
 file:line:error style messages enabled.
 %&-line parsing enabled.
**root.tex
(./root.tex
LaTeX2e <2018-04-01> patch level 2
Babel <3.18> and hyphenation patterns for 84 language(s) loaded.
(./ieeeconf.cls
Document Class: ieeeconf 2016/4/23 revision V1.6b by Pradeep Misra
\@IEEEtrantmpdimenA=\dimen102
\@IEEEtrantmpdimenB=\dimen103
\@IEEEtrantmpcountA=\count80
\@IEEEtrantmpcountB=\count81
\@IEEEtrantmptoksA=\toks14
LaTeX Font Info:    Try loading font information for OT1+ptm on input line 794.

(/usr/local/texlive/2018/texmf-dist/tex/latex/psnfss/ot1ptm.fd
File: ot1ptm.fd 2001/06/04 font definitions for OT1/ptm.
)
\@IEEEnormalsizefontbaselineskip=\skip41

-- This is a 10 point document.
\normalsizebaselineskip=\skip42
\normaljot=\skip43
LaTeX Font Info:    Font shape `OT1/ptm/bx/n' in size <5> not available
(Font)              Font shape `OT1/ptm/b/n' tried instead on input line 1113.
LaTeX Font Info:    Font shape `OT1/ptm/bx/it' in size <5> not available
(Font)              Font shape `OT1/ptm/b/it' tried instead on input line 1113.

LaTeX Font Info:    Font shape `OT1/ptm/bx/n' in size <7> not available
(Font)              Font shape `OT1/ptm/b/n' tried instead on input line 1113.
LaTeX Font Info:    Font shape `OT1/ptm/bx/it' in size <7> not available
(Font)              Font shape `OT1/ptm/b/it' tried instead on input line 1113.

LaTeX Font Info:    Font shape `OT1/ptm/bx/n' in size <8> not available
(Font)              Font shape `OT1/ptm/b/n' tried instead on input line 1113.
LaTeX Font Info:    Font shape `OT1/ptm/bx/it' in size <8> not available
(Font)              Font shape `OT1/ptm/b/it' tried instead on input line 1113.

LaTeX Font Info:    Font shape `OT1/ptm/bx/n' in size <9> not available
(Font)              Font shape `OT1/ptm/b/n' tried instead on input line 1113.
LaTeX Font Info:    Font shape `OT1/ptm/bx/it' in size <9> not available
(Font)              Font shape `OT1/ptm/b/it' tried instead on input line 1113.

LaTeX Font Info:    Font shape `OT1/ptm/bx/n' in size <10> not available
(Font)              Font shape `OT1/ptm/b/n' tried instead on input line 1113.
LaTeX Font Info:    Font shape `OT1/ptm/bx/it' in size <10> not available
(Font)              Font shape `OT1/ptm/b/it' tried instead on input line 1113.

LaTeX Font Info:    Font shape `OT1/ptm/bx/n' in size <11> not available
(Font)              Font shape `OT1/ptm/b/n' tried instead on input line 1113.
LaTeX Font Info:    Font shape `OT1/ptm/bx/it' in size <11> not available
(Font)              Font shape `OT1/ptm/b/it' tried instead on input line 1113.

LaTeX Font Info:    Font shape `OT1/ptm/bx/n' in size <12> not available
(Font)              Font shape `OT1/ptm/b/n' tried instead on input line 1113.
LaTeX Font Info:    Font shape `OT1/ptm/bx/it' in size <12> not available
(Font)              Font shape `OT1/ptm/b/it' tried instead on input line 1113.

LaTeX Font Info:    Font shape `OT1/ptm/bx/n' in size <16> not available
(Font)              Font shape `OT1/ptm/b/n' tried instead on input line 1113.
LaTeX Font Info:    Font shape `OT1/ptm/bx/it' in size <16> not available
(Font)              Font shape `OT1/ptm/b/it' tried instead on input line 1113.

LaTeX Font Info:    Font shape `OT1/ptm/bx/n' in size <20> not available
(Font)              Font shape `OT1/ptm/b/n' tried instead on input line 1113.
LaTeX Font Info:    Font shape `OT1/ptm/bx/it' in size <20> not available
(Font)              Font shape `OT1/ptm/b/it' tried instead on input line 1113.

LaTeX Font Info:    Font shape `OT1/ptm/bx/n' in size <24> not available
(Font)              Font shape `OT1/ptm/b/n' tried instead on input line 1113.
LaTeX Font Info:    Font shape `OT1/ptm/bx/it' in size <24> not available
(Font)              Font shape `OT1/ptm/b/it' tried instead on input line 1113.

\IEEEilabelindentA=\dimen104
\IEEEilabelindentB=\dimen105
\IEEEilabelindent=\dimen106
\IEEEelabelindent=\dimen107
\IEEEdlabelindent=\dimen108
\labelindent=\dimen109
\IEEEiednormlabelsep=\dimen110
\IEEEiedmathlabelsep=\dimen111
\IEEEiedtopsep=\skip44
\c@section=\count82
\c@subsection=\count83
\c@subsubsection=\count84
\c@paragraph=\count85
\c@IEEEsubequation=\count86
\abovecaptionskip=\skip45
\belowcaptionskip=\skip46
\c@figure=\count87
\c@table=\count88
\@IEEEeqnnumcols=\count89
\@IEEEeqncolcnt=\count90
\@IEEEtmpitemindent=\dimen112
\c@biography=\count91
\@IEEEtranrubishbin=\box26
)
** ATTENTION: Overriding command lockouts (line 9).
** ATTENTION: Overriding IEEE standard margins (line 12).
(/usr/local/texlive/2018/texmf-dist/tex/latex/graphics/graphicx.sty
Package: graphicx 2017/06/01 v1.1a Enhanced LaTeX Graphics (DPC,SPQR)

(/usr/local/texlive/2018/texmf-dist/tex/latex/graphics/keyval.sty
Package: keyval 2014/10/28 v1.15 key=value parser (DPC)
\KV@toks@=\toks15
)
(/usr/local/texlive/2018/texmf-dist/tex/latex/graphics/graphics.sty
Package: graphics 2017/06/25 v1.2c Standard LaTeX Graphics (DPC,SPQR)

(/usr/local/texlive/2018/texmf-dist/tex/latex/graphics/trig.sty
Package: trig 2016/01/03 v1.10 sin cos tan (DPC)
)
(/usr/local/texlive/2018/texmf-dist/tex/latex/graphics-cfg/graphics.cfg
File: graphics.cfg 2016/06/04 v1.11 sample graphics configuration
)
Package graphics Info: Driver file: pdftex.def on input line 99.

(/usr/local/texlive/2018/texmf-dist/tex/latex/graphics-def/pdftex.def
File: pdftex.def 2018/01/08 v1.0l Graphics/color driver for pdftex
))
\Gin@req@height=\dimen113
\Gin@req@width=\dimen114
)
(/usr/local/texlive/2018/texmf-dist/tex/latex/caption/subcaption.sty
Package: subcaption 2016/05/22 v1.1-161 Sub-captions (AR)

(/usr/local/texlive/2018/texmf-dist/tex/latex/caption/caption.sty
Package: caption 2016/02/21 v3.3-144 Customizing captions (AR)

(/usr/local/texlive/2018/texmf-dist/tex/latex/caption/caption3.sty
Package: caption3 2016/05/22 v1.7-166 caption3 kernel (AR)
Package caption3 Info: TeX engine: e-TeX on input line 67.
\captionmargin=\dimen115
\captionmargin@=\dimen116
\captionwidth=\dimen117
\caption@tempdima=\dimen118
\caption@indent=\dimen119
\caption@parindent=\dimen120
\caption@hangindent=\dimen121
Package caption Info: Unknown document class (or package),
(caption)             standard defaults will be used.
)

Package caption Warning: Unsupported document class (or package) detected,
(caption)                usage of the caption package is not recommended.
See the caption package documentation for explanation.

Package caption Info: \@makecaption = \long macro:#1#2->\ifx \@captype \@IEEEta
blestring \begin {center}{\footnotesize #1}\\{\footnotesize \scshape #2}\end {c
enter}\@IEEEtablecaptionsepspace \else \@IEEEfigurecaptionsepspace \setbox \@te
mpboxa \hbox {\footnotesize #1.~~ #2}\ifdim \wd \@tempboxa >\hsize \setbox \@te
mpboxa \hbox {\footnotesize #1.~~ }\parbox [t]{\hsize }{\footnotesize \noindent
 \unhbox \@tempboxa #2}\else \ifcenterfigcaptions \hbox to\hsize {\footnotesize
 \hfil \box \@tempboxa \hfil }\else \hbox to\hsize {\footnotesize \box \@tempbo
xa \hfil }\fi \fi \fi .
\c@ContinuedFloat=\count92
)
\c@subfigure=\count93
\c@subtable=\count94
) (./root.aux

LaTeX Warning: Label `fig:cube' multiply defined.


LaTeX Warning: Label `fig:cube' multiply defined.


LaTeX Warning: Label `fig:calib' multiply defined.


LaTeX Warning: Label `fig:calib' multiply defined.


LaTeX Warning: Label `fig:cube' multiply defined.


LaTeX Warning: Label `fig:crossval_train' multiply defined.


LaTeX Warning: Label `sub@fig:crossval_train' multiply defined.


LaTeX Warning: Label `fig:crossval_train' multiply defined.


LaTeX Warning: Label `sub@fig:crossval_train' multiply defined.


LaTeX Warning: Label `fig:crossval_train' multiply defined.


LaTeX Warning: Label `sub@fig:crossval_train' multiply defined.


LaTeX Warning: Label `fig:crossval_train' multiply defined.


LaTeX Warning: Label `sub@fig:crossval_train' multiply defined.


LaTeX Warning: Label `fig:crossval_train' multiply defined.


LaTeX Warning: Label `sub@fig:crossval_train' multiply defined.

)
\openout1 = `root.aux'.

LaTeX Font Info:    Checking defaults for OML/cmm/m/it on input line 45.
LaTeX Font Info:    ... okay on input line 45.
LaTeX Font Info:    Checking defaults for T1/cmr/m/n on input line 45.
LaTeX Font Info:    ... okay on input line 45.
LaTeX Font Info:    Checking defaults for OT1/cmr/m/n on input line 45.
LaTeX Font Info:    ... okay on input line 45.
LaTeX Font Info:    Checking defaults for OMS/cmsy/m/n on input line 45.
LaTeX Font Info:    ... okay on input line 45.
LaTeX Font Info:    Checking defaults for OMX/cmex/m/n on input line 45.
LaTeX Font Info:    ... okay on input line 45.
LaTeX Font Info:    Checking defaults for U/cmr/m/n on input line 45.
LaTeX Font Info:    ... okay on input line 45.
 (/usr/local/texlive/2018/texmf-dist/tex/context/base/mkii/supp-pdf.mkii
[Loading MPS to PDF converter (version 2006.09.02).]
\scratchcounter=\count95
\scratchdimen=\dimen122
\scratchbox=\box27
\nofMPsegments=\count96
\nofMParguments=\count97
\everyMPshowfont=\toks16
\MPscratchCnt=\count98
\MPscratchDim=\dimen123
\MPnumerator=\count99
\makeMPintoPDFobject=\count100
\everyMPtoPDFconversion=\toks17
) (/usr/local/texlive/2018/texmf-dist/tex/latex/oberdiek/epstopdf-base.sty
Package: epstopdf-base 2016/05/15 v2.6 Base part for package epstopdf

(/usr/local/texlive/2018/texmf-dist/tex/generic/oberdiek/infwarerr.sty
Package: infwarerr 2016/05/16 v1.4 Providing info/warning/error messages (HO)
)
(/usr/local/texlive/2018/texmf-dist/tex/latex/oberdiek/grfext.sty
Package: grfext 2016/05/16 v1.2 Manage graphics extensions (HO)

(/usr/local/texlive/2018/texmf-dist/tex/generic/oberdiek/kvdefinekeys.sty
Package: kvdefinekeys 2016/05/16 v1.4 Define keys (HO)

(/usr/local/texlive/2018/texmf-dist/tex/generic/oberdiek/ltxcmds.sty
Package: ltxcmds 2016/05/16 v1.23 LaTeX kernel commands for general use (HO)
)))
(/usr/local/texlive/2018/texmf-dist/tex/latex/oberdiek/kvoptions.sty
Package: kvoptions 2016/05/16 v3.12 Key value format for package options (HO)

(/usr/local/texlive/2018/texmf-dist/tex/generic/oberdiek/kvsetkeys.sty
Package: kvsetkeys 2016/05/16 v1.17 Key value parser (HO)

(/usr/local/texlive/2018/texmf-dist/tex/generic/oberdiek/etexcmds.sty
Package: etexcmds 2016/05/16 v1.6 Avoid name clashes with e-TeX commands (HO)

(/usr/local/texlive/2018/texmf-dist/tex/generic/oberdiek/ifluatex.sty
Package: ifluatex 2016/05/16 v1.4 Provides the ifluatex switch (HO)
Package ifluatex Info: LuaTeX not detected.
)
Package etexcmds Info: Could not find \expanded.
(etexcmds)             That can mean that you are not using pdfTeX 1.50 or
(etexcmds)             that some package has redefined \expanded.
(etexcmds)             In the latter case, load this package earlier.
)))
(/usr/local/texlive/2018/texmf-dist/tex/generic/oberdiek/pdftexcmds.sty
Package: pdftexcmds 2018/01/30 v0.27 Utility functions of pdfTeX for LuaTeX (HO
)

(/usr/local/texlive/2018/texmf-dist/tex/generic/oberdiek/ifpdf.sty
Package: ifpdf 2017/03/15 v3.2 Provides the ifpdf switch
)
Package pdftexcmds Info: LuaTeX not detected.
Package pdftexcmds Info: \pdf@primitive is available.
Package pdftexcmds Info: \pdf@ifprimitive is available.
Package pdftexcmds Info: \pdfdraftmode found.
)
Package epstopdf-base Info: Redefining graphics rule for `.eps' on input line 4
38.
Package grfext Info: Graphics extension search list:
(grfext)             [.pdf,.png,.jpg,.mps,.jpeg,.jbig2,.jb2,.PDF,.PNG,.JPG,.JPE
G,.JBIG2,.JB2,.eps]
(grfext)             \AppendGraphicsExtensions on input line 456.

(/usr/local/texlive/2018/texmf-dist/tex/latex/latexconfig/epstopdf-sys.cfg
File: epstopdf-sys.cfg 2010/07/13 v1.3 Configuration of (r)epstopdf for TeX Liv
e
))
Package caption Info: Begin \AtBeginDocument code.
Package caption Info: End \AtBeginDocument code.
LaTeX Font Info:    Calculating math sizes for size <11> on input line 49.
LaTeX Font Info:    External font `cmex10' loaded for size
(Font)              <11> on input line 49.
LaTeX Font Info:    External font `cmex10' loaded for size
(Font)              <7.69997> on input line 49.
LaTeX Font Info:    External font `cmex10' loaded for size
(Font)              <5.5> on input line 49.
LaTeX Font Info:    External font `cmex10' loaded for size
(Font)              <8> on input line 49.
LaTeX Font Info:    External font `cmex10' loaded for size
(Font)              <6> on input line 49.
LaTeX Font Info:    External font `cmex10' loaded for size
(Font)              <5> on input line 49.
<figures/learningCube.png, id=1, 1000.6986pt x 991.5444pt>
File: figures/learningCube.png Graphic file (type png)
<use figures/learningCube.png>
Package pdftex.def Info: figures/learningCube.png  used on input line 68.
(pdftex.def)             Requested size: 216.81pt x 184.0043pt.
LaTeX Font Info:    External font `cmex10' loaded for size
(Font)              <7> on input line 68.
<figures/setup.pdf, id=4, 868.24374pt x 488.82625pt>
File: figures/setup.pdf Graphic file (type pdf)
<use figures/setup.pdf>
Package pdftex.def Info: figures/setup.pdf  used on input line 76.
(pdftex.def)             Requested size: 216.81pt x 122.06453pt.
<figures/postiver.png, id=5, 349.305pt x 169.5936pt>
File: figures/postiver.png Graphic file (type png)
<use figures/postiver.png>
Package pdftex.def Info: figures/postiver.png  used on input line 84.
(pdftex.def)             Requested size: 216.81pt x 105.26596pt.
<figures/calib1.pdf, id=6, 845.1575pt x 597.23125pt>
File: figures/calib1.pdf Graphic file (type pdf)
<use figures/calib1.pdf>
Package pdftex.def Info: figures/calib1.pdf  used on input line 99.
(pdftex.def)             Requested size: 101.17755pt x 71.4915pt.
<figures/calib2.pdf, id=7, 845.1575pt x 597.23125pt>
File: figures/calib2.pdf Graphic file (type pdf)
<use figures/calib2.pdf>
Package pdftex.def Info: figures/calib2.pdf  used on input line 99.
(pdftex.def)             Requested size: 101.17755pt x 71.4915pt.
<figures/common2.png, id=8, 567.0786pt x 256.7994pt>
File: figures/common2.png Graphic file (type png)
<use figures/common2.png>
Package pdftex.def Info: figures/common2.png  used on input line 114.
(pdftex.def)             Requested size: 101.17755pt x 45.81828pt.
<figures/common1.png, id=9, 618.1494pt x 268.8444pt>
File: figures/common1.png Graphic file (type png)
<use figures/common1.png>
Package pdftex.def Info: figures/common1.png  used on input line 114.
(pdftex.def)             Requested size: 101.17755pt x 44.00052pt.
<figures/kmeansseg3.pdf, id=10, 482.80376pt x 389.455pt>
File: figures/kmeansseg3.pdf Graphic file (type pdf)
<use figures/kmeansseg3.pdf>
Package pdftex.def Info: figures/kmeansseg3.pdf  used on input line 134.
(pdftex.def)             Requested size: 101.17755pt x 81.61562pt.
<figures/kmeansseg1.pdf, id=11, 500.87125pt x 374.39874pt>
File: figures/kmeansseg1.pdf Graphic file (type pdf)
<use figures/kmeansseg1.pdf>
Package pdftex.def Info: figures/kmeansseg1.pdf  used on input line 134.
(pdftex.def)             Requested size: 101.17755pt x 75.6268pt.
<figures/order_exp.pdf, id=12, 429.605pt x 263.98625pt>
File: figures/order_exp.pdf Graphic file (type pdf)
<use figures/order_exp.pdf>
Package pdftex.def Info: figures/order_exp.pdf  used on input line 143.
(pdftex.def)             Requested size: 216.81pt x 133.22942pt.
<figures/cross_allQP1.pdf, id=13, 484.81125pt x 400.49625pt>
File: figures/cross_allQP1.pdf Graphic file (type pdf)
<use figures/cross_allQP1.pdf>
Package pdftex.def Info: figures/cross_allQP1.pdf  used on input line 154.
(pdftex.def)             Requested size: 72.26999pt x 59.69907pt.
<figures/cross_allQP2.pdf, id=14, 484.81125pt x 400.49625pt>
File: figures/cross_allQP2.pdf Graphic file (type pdf)
<use figures/cross_allQP2.pdf>
Package pdftex.def Info: figures/cross_allQP2.pdf  used on input line 160.
(pdftex.def)             Requested size: 72.26999pt x 59.69907pt.
<figures/cross_allQP3.pdf, id=15, 489.83pt x 401.5pt>
File: figures/cross_allQP3.pdf Graphic file (type pdf)
<use figures/cross_allQP3.pdf>
Package pdftex.def Info: figures/cross_allQP3.pdf  used on input line 166.
(pdftex.def)             Requested size: 72.26999pt x 59.23604pt.
<figures/cross_allreg1.pdf, id=16, 484.81125pt x 400.49625pt>
File: figures/cross_allreg1.pdf Graphic file (type pdf)
<use figures/cross_allreg1.pdf>
Package pdftex.def Info: figures/cross_allreg1.pdf  used on input line 176.
(pdftex.def)             Requested size: 72.26999pt x 59.69907pt.
<figures/cross_allreg2.pdf, id=17, 484.81125pt x 400.49625pt>
File: figures/cross_allreg2.pdf Graphic file (type pdf)
<use figures/cross_allreg2.pdf>
Package pdftex.def Info: figures/cross_allreg2.pdf  used on input line 182.
(pdftex.def)             Requested size: 72.26999pt x 59.69907pt.
<figures/cross_allreg3.pdf, id=18, 485.815pt x 401.5pt>
File: figures/cross_allreg3.pdf Graphic file (type pdf)
<use figures/cross_allreg3.pdf>
Package pdftex.def Info: figures/cross_allreg3.pdf  used on input line 188.
(pdftex.def)             Requested size: 72.26999pt x 59.72615pt.
<figures/finger/finger1.png, id=19, 642.4pt x 481.8pt>
File: figures/finger/finger1.png Graphic file (type png)
<use figures/finger/finger1.png>
Package pdftex.def Info: figures/finger/finger1.png  used on input line 198.
(pdftex.def)             Requested size: 52.03448pt x 39.02264pt.
<figures/finger/finger2.png, id=20, 642.4pt x 481.8pt>
File: figures/finger/finger2.png Graphic file (type png)
<use figures/finger/finger2.png>
Package pdftex.def Info: figures/finger/finger2.png  used on input line 202.
(pdftex.def)             Requested size: 52.03448pt x 39.02264pt.
<figures/finger/finger4.png, id=21, 642.4pt x 481.8pt>
File: figures/finger/finger4.png Graphic file (type png)
<use figures/finger/finger4.png>
Package pdftex.def Info: figures/finger/finger4.png  used on input line 206.
(pdftex.def)             Requested size: 52.03448pt x 39.02264pt.
<figures/finger/finger5.png, id=22, 642.4pt x 481.8pt>
File: figures/finger/finger5.png Graphic file (type png)
<use figures/finger/finger5.png>
Package pdftex.def Info: figures/finger/finger5.png  used on input line 210.
(pdftex.def)             Requested size: 52.03448pt x 39.02264pt.
<figures/finger/finger6.png, id=23, 642.4pt x 481.8pt>
File: figures/finger/finger6.png Graphic file (type png)
<use figures/finger/finger6.png>
Package pdftex.def Info: figures/finger/finger6.png  used on input line 215.
(pdftex.def)             Requested size: 52.03448pt x 39.02264pt.
<figures/finger/finger7.png, id=24, 642.4pt x 481.8pt>
File: figures/finger/finger7.png Graphic file (type png)
<use figures/finger/finger7.png>
Package pdftex.def Info: figures/finger/finger7.png  used on input line 219.
(pdftex.def)             Requested size: 52.03448pt x 39.02264pt.
<figures/finger/finger8.png, id=25, 642.4pt x 481.8pt>
File: figures/finger/finger8.png Graphic file (type png)
<use figures/finger/finger8.png>
Package pdftex.def Info: figures/finger/finger8.png  used on input line 223.
(pdftex.def)             Requested size: 52.03448pt x 39.02264pt.
<figures/finger/finger9.png, id=26, 642.4pt x 481.8pt>
File: figures/finger/finger9.png Graphic file (type png)
<use figures/finger/finger9.png>
Package pdftex.def Info: figures/finger/finger9.png  used on input line 227.
(pdftex.def)             Requested size: 52.03448pt x 39.02264pt.
<figures/path/path1.pdf, id=27, 485.815pt x 385.44pt>
File: figures/path/path1.pdf Graphic file (type pdf)
<use figures/path/path1.pdf>
Package pdftex.def Info: figures/path/path1.pdf  used on input line 238.
(pdftex.def)             Requested size: 101.17755pt x 80.26843pt.
<figures/path/path2.pdf, id=28, 485.815pt x 385.44pt>
File: figures/path/path2.pdf Graphic file (type pdf)
<use figures/path/path2.pdf>
Package pdftex.def Info: figures/path/path2.pdf  used on input line 244.
(pdftex.def)             Requested size: 101.17755pt x 80.26843pt.
<figures/path/path3.pdf, id=29, 485.815pt x 385.44pt>
File: figures/path/path3.pdf Graphic file (type pdf)
<use figures/path/path3.pdf>
Package pdftex.def Info: figures/path/path3.pdf  used on input line 251.
(pdftex.def)             Requested size: 101.17755pt x 80.26843pt.
<figures/path/path4.pdf, id=30, 485.815pt x 385.44pt>
File: figures/path/path4.pdf Graphic file (type pdf)
<use figures/path/path4.pdf>
Package pdftex.def Info: figures/path/path4.pdf  used on input line 257.
(pdftex.def)             Requested size: 101.17755pt x 80.26843pt.
<figures/path/path55.pdf, id=31, 597.23125pt x 845.1575pt>
File: figures/path/path55.pdf Graphic file (type pdf)
<use figures/path/path55.pdf>
Package pdftex.def Info: figures/path/path55.pdf  used on input line 267.
(pdftex.def)             Requested size: 252.94499pt x 141.04123pt.

Overfull \hbox (7.22688pt too wide) in paragraph at lines 267--268
 [][] 
 []

<figures/path/g1.png, id=33, 642.4pt x 481.8pt>
File: figures/path/g1.png Graphic file (type png)
<use figures/path/g1.png>
Package pdftex.def Info: figures/path/g1.png  used on input line 276.
(pdftex.def)             Requested size: 52.03448pt x 39.02264pt.
<figures/path/g2.png, id=34, 642.4pt x 481.8pt>
File: figures/path/g2.png Graphic file (type png)
<use figures/path/g2.png>
Package pdftex.def Info: figures/path/g2.png  used on input line 280.
(pdftex.def)             Requested size: 52.03448pt x 39.02264pt.
<figures/path/g3.png, id=35, 642.4pt x 481.8pt>
File: figures/path/g3.png Graphic file (type png)
<use figures/path/g3.png>
Package pdftex.def Info: figures/path/g3.png  used on input line 284.
(pdftex.def)             Requested size: 52.03448pt x 39.02264pt.
<figures/path/g4.png, id=36, 642.4pt x 481.8pt>
File: figures/path/g4.png Graphic file (type png)
<use figures/path/g4.png>
Package pdftex.def Info: figures/path/g4.png  used on input line 288.
(pdftex.def)             Requested size: 52.03448pt x 39.02264pt.

LaTeX Warning: `!h' float specifier changed to `!ht'.


Underfull \vbox (badness 7133) has occurred while \output is active []


Overfull \vbox (15.19682pt too high) has occurred while \output is active []


Overfull \vbox (336.63313pt too high) has occurred while \output is active []


[1{/usr/local/texlive/2018/texmf-var/fonts/map/pdftex/updmap/pdftex.map}


 <./figures/learningCube.png> <./figures/setup.pdf> <./figures/postiver.png> <.
/figures/calib1.pdf, page is rotated 90 degrees> <./figures/calib2.pdf, page is
 rotated 90 degrees> <./figures/common2.png> <./figures/common1.png> <./figures
/kmeansseg3.pdf> <./figures/kmeansseg1.pdf>] [2 <./figures/order_exp.pdf> <./fi
gures/cross_allQP1.pdf> <./figures/cross_allQP2.pdf> <./figures/cross_allQP3.pd
f> <./figures/cross_allreg1.pdf> <./figures/cross_allreg2.pdf> <./figures/cross
_allreg3.pdf> <./figures/finger/finger1.png> <./figures/finger/finger2.png> <./
figures/finger/finger4.png> <./figures/finger/finger5.png> <./figures/finger/fi
nger6.png> <./figures/finger/finger7.png> <./figures/finger/finger8.png> <./fig
ures/finger/finger9.png> <./figures/path/path1.pdf> <./figures/path/path2.pdf> 
<./figures/path/path3.pdf> <./figures/path/path4.pdf>]

** Conference Paper **
Before submitting the final camera ready copy, remember to:

 1. Manually equalize the lengths of two columns on the last page
 of your paper;

 2. Ensure that any PostScript and/or PDF output post-processing
 uses only Type 1 fonts and that every step in the generation
 process uses the US letter (8.5in X 11in) paper size.

[3

 <./figures/path/path55.pdf> <./figures/path/g1.png> <./figures/path/g2.png> <.
/figures/path/g3.png> <./figures/path/g4.png>] (./root.aux)

LaTeX Warning: There were multiply-defined labels.

 ) 
Here is how much of TeX's memory you used:
 3340 strings out of 492649
 56841 string characters out of 6129622
 126395 words of memory out of 5000000
 7181 multiletter control sequences out of 15000+600000
 37360 words of font info for 73 fonts, out of 8000000 for 9000
 1141 hyphenation exceptions out of 8191
 42i,10n,40p,271b,402s stack positions out of 5000i,500n,10000p,200000b,80000s
{/usr/local/texlive/2018/texmf-dist/fonts/enc/dvips/base/8r.enc}</usr/local/t
exlive/2018/texmf-dist/fonts/type1/public/amsfonts/cm/cmr6.pfb></usr/local/texl
ive/2018/texmf-dist/fonts/type1/public/amsfonts/cm/cmr8.pfb></usr/local/texlive
/2018/texmf-dist/fonts/type1/urw/times/utmb8a.pfb></usr/local/texlive/2018/texm
f-dist/fonts/type1/urw/times/utmbi8a.pfb></usr/local/texlive/2018/texmf-dist/fo
nts/type1/urw/times/utmr8a.pfb></usr/local/texlive/2018/texmf-dist/fonts/type1/
urw/times/utmri8a.pfb>
Output written on root.pdf (3 pages, 12272052 bytes).
PDF statistics:
 257 PDF objects out of 1000 (max. 8388607)
 122 compressed objects within 2 object streams
 0 named destinations out of 1000 (max. 500000)
 178 words of extra memory for PDF output out of 10000 (max. 10000000)

